<?xml version="1.0" encoding="UTF-8"?>
<!-- Generated by org.testng.reporters.JUnitReportReporter -->
<testsuite hostname="DESKTOP-LG8NUBN" failures="0" tests="1" name="org.Simple.MyWorkSpace.TestBasic" time="7.797" errors="0" timestamp="2025-05-13T20:30:57 IST" skipped="0">
  <testcase classname="org.Simple.MyWorkSpace.TestBasic" name="launch" time="7.797"/>
</testsuite> <!-- org.Simple.MyWorkSpace.TestBasic -->
