<?xml version="1.0" encoding="UTF-8"?>
<!-- Generated by org.testng.reporters.JUnitReportReporter -->
<testsuite hostname="DESKTOP-LG8NUBN" failures="0" tests="1" name="org.Simple.MyWorkSpace.Testapi" time="4.659" errors="0" timestamp="2025-05-13T15:33:21 IST" skipped="0">
  <testcase classname="org.Simple.MyWorkSpace.Testapi" name="getUser" time="4.659"/>
</testsuite> <!-- org.Simple.MyWorkSpace.Testapi -->
